<?xml version="1.0" encoding="UTF-8"?>
<testng-results total="12" passed="12" failed="0" skipped="0">
  <reporter-output>
  </reporter-output>
  <suite started-at="2023-01-09T19:47:34Z" name="Suite" finished-at="2023-01-09T19:47:35Z" duration-ms="632">
    <groups>
      <group name="regression">
        <method signature="CarBuy.CarBuyAPPLogin()[pri:0, instance:TestPackage.CarBuy@6676f6a0]" name="CarBuyAPPLogin" class="TestPackage.CarBuy"/>
        <method signature="CarLease.CarLeaseAPPLogin()[pri:0, instance:TestPackage.CarLease@4278284b]" name="CarLeaseAPPLogin" class="TestPackage.CarLease"/>
        <method signature="CarBuy.CarBuyAPPLogin()[pri:0, instance:TestPackage.CarBuy@479ceda0]" name="CarBuyAPPLogin" class="TestPackage.CarBuy"/>
        <method signature="CarLease.CarLeaseAPPLogin()[pri:0, instance:TestPackage.CarLease@6d07a63d]" name="CarLeaseAPPLogin" class="TestPackage.CarLease"/>
      </group> <!-- regression -->
      <group name="fullfeature">
        <method signature="CarBuy.CarBuyBranchLogin()[pri:0, instance:TestPackage.CarBuy@6676f6a0]" name="CarBuyBranchLogin" class="TestPackage.CarBuy"/>
        <method signature="CarBuy.CarBuyBranchLogin()[pri:0, instance:TestPackage.CarBuy@479ceda0]" name="CarBuyBranchLogin" class="TestPackage.CarBuy"/>
      </group> <!-- fullfeature -->
      <group name="sanity">
        <method signature="CarBuy.CarBuyWebLogin()[pri:0, instance:TestPackage.CarBuy@6676f6a0]" name="CarBuyWebLogin" class="TestPackage.CarBuy"/>
        <method signature="CarLease.CarLeaseWebLogin()[pri:0, instance:TestPackage.CarLease@4278284b]" name="CarLeaseWebLogin" class="TestPackage.CarLease"/>
        <method signature="CarBuy.CarBuyWebLogin()[pri:0, instance:TestPackage.CarBuy@479ceda0]" name="CarBuyWebLogin" class="TestPackage.CarBuy"/>
        <method signature="CarLease.CarLeaseWebLogin()[pri:0, instance:TestPackage.CarLease@6d07a63d]" name="CarLeaseWebLogin" class="TestPackage.CarLease"/>
      </group> <!-- sanity -->
    </groups>
    <test started-at="2023-01-09T19:47:34Z" name="Test" finished-at="2023-01-09T19:47:35Z" duration-ms="289">
      <class name="TestPackage.CarLease">
        <test-method is-config="true" signature="beforeclass()[pri:0, instance:TestPackage.CarLease@4278284b]" started-at="2023-01-09T20:47:34Z" name="beforeclass" finished-at="2023-01-09T20:47:34Z" duration-ms="0" status="PASS">
          <reporter-output>
          </reporter-output>
        </test-method> <!-- beforeclass -->
        <test-method signature="CarLeaseAPPLogin()[pri:0, instance:TestPackage.CarLease@4278284b]" started-at="2023-01-09T20:47:34Z" name="CarLeaseAPPLogin" finished-at="2023-01-09T20:47:34Z" duration-ms="12" status="PASS">
          <reporter-output>
          </reporter-output>
        </test-method> <!-- CarLeaseAPPLogin -->
        <test-method is-config="true" signature="beforemethod()[pri:0, instance:TestPackage.CarLease@4278284b]" started-at="2023-01-09T20:47:34Z" name="beforemethod" finished-at="2023-01-09T20:47:34Z" duration-ms="0" status="PASS">
          <reporter-output>
          </reporter-output>
        </test-method> <!-- beforemethod -->
        <test-method is-config="true" signature="aftermethod()[pri:0, instance:TestPackage.CarLease@4278284b]" started-at="2023-01-09T20:47:34Z" name="aftermethod" finished-at="2023-01-09T20:47:34Z" duration-ms="0" status="PASS">
          <reporter-output>
          </reporter-output>
        </test-method> <!-- aftermethod -->
        <test-method is-config="true" signature="beforemethod()[pri:0, instance:TestPackage.CarLease@4278284b]" started-at="2023-01-09T20:47:34Z" name="beforemethod" finished-at="2023-01-09T20:47:34Z" duration-ms="4" status="PASS">
          <reporter-output>
          </reporter-output>
        </test-method> <!-- beforemethod -->
        <test-method signature="CarLeaseBranchLogin()[pri:0, instance:TestPackage.CarLease@4278284b]" started-at="2023-01-09T20:47:34Z" name="CarLeaseBranchLogin" finished-at="2023-01-09T20:47:34Z" duration-ms="23" status="PASS">
          <reporter-output>
          </reporter-output>
        </test-method> <!-- CarLeaseBranchLogin -->
        <test-method is-config="true" signature="aftermethod()[pri:0, instance:TestPackage.CarLease@4278284b]" started-at="2023-01-09T20:47:34Z" name="aftermethod" finished-at="2023-01-09T20:47:34Z" duration-ms="1" status="PASS">
          <reporter-output>
          </reporter-output>
        </test-method> <!-- aftermethod -->
        <test-method is-config="true" signature="beforemethod()[pri:0, instance:TestPackage.CarLease@4278284b]" started-at="2023-01-09T20:47:34Z" name="beforemethod" finished-at="2023-01-09T20:47:34Z" duration-ms="11" status="PASS">
          <reporter-output>
          </reporter-output>
        </test-method> <!-- beforemethod -->
        <test-method signature="CarLeaseWebLogin()[pri:0, instance:TestPackage.CarLease@4278284b]" started-at="2023-01-09T20:47:34Z" name="CarLeaseWebLogin" finished-at="2023-01-09T20:47:34Z" duration-ms="5" status="PASS">
          <reporter-output>
          </reporter-output>
        </test-method> <!-- CarLeaseWebLogin -->
        <test-method is-config="true" signature="aftermethod()[pri:0, instance:TestPackage.CarLease@4278284b]" started-at="2023-01-09T20:47:34Z" name="aftermethod" finished-at="2023-01-09T20:47:34Z" duration-ms="3" status="PASS">
          <reporter-output>
          </reporter-output>
        </test-method> <!-- aftermethod -->
        <test-method is-config="true" signature="afterclass()[pri:0, instance:TestPackage.CarLease@4278284b]" started-at="2023-01-09T20:47:34Z" name="afterclass" finished-at="2023-01-09T20:47:34Z" duration-ms="1" status="PASS">
          <reporter-output>
          </reporter-output>
        </test-method> <!-- afterclass -->
      </class> <!-- TestPackage.CarLease -->
      <class name="TestPackage.CarBuy">
        <test-method is-config="true" signature="beforetest()[pri:0, instance:TestPackage.CarBuy@6676f6a0]" started-at="2023-01-09T20:47:34Z" name="beforetest" finished-at="2023-01-09T20:47:34Z" duration-ms="0" status="PASS">
          <reporter-output>
          </reporter-output>
        </test-method> <!-- beforetest -->
        <test-method is-config="true" signature="beforeclass()[pri:0, instance:TestPackage.CarBuy@6676f6a0]" started-at="2023-01-09T20:47:34Z" name="beforeclass" finished-at="2023-01-09T20:47:34Z" duration-ms="0" status="PASS">
          <reporter-output>
          </reporter-output>
        </test-method> <!-- beforeclass -->
        <test-method signature="CarBuyAPPLogin()[pri:0, instance:TestPackage.CarBuy@6676f6a0]" started-at="2023-01-09T20:47:34Z" name="CarBuyAPPLogin" finished-at="2023-01-09T20:47:34Z" duration-ms="5" status="PASS">
          <reporter-output>
          </reporter-output>
        </test-method> <!-- CarBuyAPPLogin -->
        <test-method is-config="true" signature="beforemethod()[pri:0, instance:TestPackage.CarBuy@6676f6a0]" started-at="2023-01-09T20:47:34Z" name="beforemethod" finished-at="2023-01-09T20:47:34Z" duration-ms="0" status="PASS">
          <reporter-output>
          </reporter-output>
        </test-method> <!-- beforemethod -->
        <test-method is-config="true" signature="aftermethod()[pri:0, instance:TestPackage.CarBuy@6676f6a0]" started-at="2023-01-09T20:47:34Z" name="aftermethod" finished-at="2023-01-09T20:47:34Z" duration-ms="2" status="PASS">
          <reporter-output>
          </reporter-output>
        </test-method> <!-- aftermethod -->
        <test-method is-config="true" signature="beforemethod()[pri:0, instance:TestPackage.CarBuy@6676f6a0]" started-at="2023-01-09T20:47:34Z" name="beforemethod" finished-at="2023-01-09T20:47:34Z" duration-ms="1" status="PASS">
          <reporter-output>
          </reporter-output>
        </test-method> <!-- beforemethod -->
        <test-method signature="CarBuyBranchLogin()[pri:0, instance:TestPackage.CarBuy@6676f6a0]" started-at="2023-01-09T20:47:34Z" name="CarBuyBranchLogin" finished-at="2023-01-09T20:47:34Z" duration-ms="5" status="PASS">
          <reporter-output>
          </reporter-output>
        </test-method> <!-- CarBuyBranchLogin -->
        <test-method is-config="true" signature="aftermethod()[pri:0, instance:TestPackage.CarBuy@6676f6a0]" started-at="2023-01-09T20:47:35Z" name="aftermethod" finished-at="2023-01-09T20:47:35Z" duration-ms="1" status="PASS">
          <reporter-output>
          </reporter-output>
        </test-method> <!-- aftermethod -->
        <test-method is-config="true" signature="beforemethod()[pri:0, instance:TestPackage.CarBuy@6676f6a0]" started-at="2023-01-09T20:47:35Z" name="beforemethod" finished-at="2023-01-09T20:47:35Z" duration-ms="2" status="PASS">
          <reporter-output>
          </reporter-output>
        </test-method> <!-- beforemethod -->
        <test-method signature="CarBuyWebLogin()[pri:0, instance:TestPackage.CarBuy@6676f6a0]" started-at="2023-01-09T20:47:35Z" name="CarBuyWebLogin" finished-at="2023-01-09T20:47:35Z" duration-ms="13" status="PASS">
          <reporter-output>
          </reporter-output>
        </test-method> <!-- CarBuyWebLogin -->
        <test-method is-config="true" signature="aftermethod()[pri:0, instance:TestPackage.CarBuy@6676f6a0]" started-at="2023-01-09T20:47:35Z" name="aftermethod" finished-at="2023-01-09T20:47:35Z" duration-ms="1" status="PASS">
          <reporter-output>
          </reporter-output>
        </test-method> <!-- aftermethod -->
        <test-method is-config="true" signature="afterclass()[pri:0, instance:TestPackage.CarBuy@6676f6a0]" started-at="2023-01-09T20:47:35Z" name="afterclass" finished-at="2023-01-09T20:47:35Z" duration-ms="1" status="PASS">
          <reporter-output>
          </reporter-output>
        </test-method> <!-- afterclass -->
        <test-method is-config="true" signature="aftertest()[pri:0, instance:TestPackage.CarBuy@6676f6a0]" started-at="2023-01-09T20:47:35Z" name="aftertest" finished-at="2023-01-09T20:47:35Z" duration-ms="1" status="PASS">
          <reporter-output>
          </reporter-output>
        </test-method> <!-- aftertest -->
      </class> <!-- TestPackage.CarBuy -->
    </test> <!-- Test -->
    <test started-at="2023-01-09T19:47:35Z" name="Testing" finished-at="2023-01-09T19:47:35Z" duration-ms="62">
      <class name="TestPackage.CarLease">
        <test-method is-config="true" signature="beforeclass()[pri:0, instance:TestPackage.CarLease@6d07a63d]" started-at="2023-01-09T20:47:35Z" name="beforeclass" finished-at="2023-01-09T20:47:35Z" duration-ms="1" status="PASS">
          <reporter-output>
          </reporter-output>
        </test-method> <!-- beforeclass -->
        <test-method is-config="true" signature="beforemethod()[pri:0, instance:TestPackage.CarLease@6d07a63d]" started-at="2023-01-09T20:47:35Z" name="beforemethod" finished-at="2023-01-09T20:47:35Z" duration-ms="0" status="PASS">
          <reporter-output>
          </reporter-output>
        </test-method> <!-- beforemethod -->
        <test-method signature="CarLeaseAPPLogin()[pri:0, instance:TestPackage.CarLease@6d07a63d]" started-at="2023-01-09T20:47:35Z" name="CarLeaseAPPLogin" finished-at="2023-01-09T20:47:35Z" duration-ms="4" status="PASS">
          <reporter-output>
          </reporter-output>
        </test-method> <!-- CarLeaseAPPLogin -->
        <test-method is-config="true" signature="aftermethod()[pri:0, instance:TestPackage.CarLease@6d07a63d]" started-at="2023-01-09T20:47:35Z" name="aftermethod" finished-at="2023-01-09T20:47:35Z" duration-ms="3" status="PASS">
          <reporter-output>
          </reporter-output>
        </test-method> <!-- aftermethod -->
        <test-method is-config="true" signature="beforemethod()[pri:0, instance:TestPackage.CarLease@6d07a63d]" started-at="2023-01-09T20:47:35Z" name="beforemethod" finished-at="2023-01-09T20:47:35Z" duration-ms="1" status="PASS">
          <reporter-output>
          </reporter-output>
        </test-method> <!-- beforemethod -->
        <test-method signature="CarLeaseBranchLogin()[pri:0, instance:TestPackage.CarLease@6d07a63d]" started-at="2023-01-09T20:47:35Z" name="CarLeaseBranchLogin" finished-at="2023-01-09T20:47:35Z" duration-ms="10" status="PASS">
          <reporter-output>
          </reporter-output>
        </test-method> <!-- CarLeaseBranchLogin -->
        <test-method is-config="true" signature="aftermethod()[pri:0, instance:TestPackage.CarLease@6d07a63d]" started-at="2023-01-09T20:47:35Z" name="aftermethod" finished-at="2023-01-09T20:47:35Z" duration-ms="1" status="PASS">
          <reporter-output>
          </reporter-output>
        </test-method> <!-- aftermethod -->
        <test-method signature="CarLeaseWebLogin()[pri:0, instance:TestPackage.CarLease@6d07a63d]" started-at="2023-01-09T20:47:35Z" name="CarLeaseWebLogin" finished-at="2023-01-09T20:47:35Z" duration-ms="1" status="PASS">
          <reporter-output>
          </reporter-output>
        </test-method> <!-- CarLeaseWebLogin -->
        <test-method is-config="true" signature="beforemethod()[pri:0, instance:TestPackage.CarLease@6d07a63d]" started-at="2023-01-09T20:47:35Z" name="beforemethod" finished-at="2023-01-09T20:47:35Z" duration-ms="0" status="PASS">
          <reporter-output>
          </reporter-output>
        </test-method> <!-- beforemethod -->
        <test-method is-config="true" signature="afterclass()[pri:0, instance:TestPackage.CarLease@6d07a63d]" started-at="2023-01-09T20:47:35Z" name="afterclass" finished-at="2023-01-09T20:47:35Z" duration-ms="0" status="PASS">
          <reporter-output>
          </reporter-output>
        </test-method> <!-- afterclass -->
        <test-method is-config="true" signature="aftermethod()[pri:0, instance:TestPackage.CarLease@6d07a63d]" started-at="2023-01-09T20:47:35Z" name="aftermethod" finished-at="2023-01-09T20:47:35Z" duration-ms="0" status="PASS">
          <reporter-output>
          </reporter-output>
        </test-method> <!-- aftermethod -->
      </class> <!-- TestPackage.CarLease -->
      <class name="TestPackage.CarBuy">
        <test-method is-config="true" signature="beforesuite()[pri:0, instance:TestPackage.CarBuy@479ceda0]" started-at="2023-01-09T20:47:34Z" name="beforesuite" finished-at="2023-01-09T20:47:34Z" duration-ms="33" status="PASS">
          <reporter-output>
          </reporter-output>
        </test-method> <!-- beforesuite -->
        <test-method is-config="true" signature="beforetest()[pri:0, instance:TestPackage.CarBuy@479ceda0]" started-at="2023-01-09T20:47:35Z" name="beforetest" finished-at="2023-01-09T20:47:35Z" duration-ms="3" status="PASS">
          <reporter-output>
          </reporter-output>
        </test-method> <!-- beforetest -->
        <test-method is-config="true" signature="beforeclass()[pri:0, instance:TestPackage.CarBuy@479ceda0]" started-at="2023-01-09T20:47:35Z" name="beforeclass" finished-at="2023-01-09T20:47:35Z" duration-ms="1" status="PASS">
          <reporter-output>
          </reporter-output>
        </test-method> <!-- beforeclass -->
        <test-method signature="CarBuyAPPLogin()[pri:0, instance:TestPackage.CarBuy@479ceda0]" started-at="2023-01-09T20:47:35Z" name="CarBuyAPPLogin" finished-at="2023-01-09T20:47:35Z" duration-ms="2" status="PASS">
          <reporter-output>
          </reporter-output>
        </test-method> <!-- CarBuyAPPLogin -->
        <test-method is-config="true" signature="beforemethod()[pri:0, instance:TestPackage.CarBuy@479ceda0]" started-at="2023-01-09T20:47:35Z" name="beforemethod" finished-at="2023-01-09T20:47:35Z" duration-ms="0" status="PASS">
          <reporter-output>
          </reporter-output>
        </test-method> <!-- beforemethod -->
        <test-method is-config="true" signature="aftermethod()[pri:0, instance:TestPackage.CarBuy@479ceda0]" started-at="2023-01-09T20:47:35Z" name="aftermethod" finished-at="2023-01-09T20:47:35Z" duration-ms="0" status="PASS">
          <reporter-output>
          </reporter-output>
        </test-method> <!-- aftermethod -->
        <test-method is-config="true" signature="beforemethod()[pri:0, instance:TestPackage.CarBuy@479ceda0]" started-at="2023-01-09T20:47:35Z" name="beforemethod" finished-at="2023-01-09T20:47:35Z" duration-ms="1" status="PASS">
          <reporter-output>
          </reporter-output>
        </test-method> <!-- beforemethod -->
        <test-method signature="CarBuyBranchLogin()[pri:0, instance:TestPackage.CarBuy@479ceda0]" started-at="2023-01-09T20:47:35Z" name="CarBuyBranchLogin" finished-at="2023-01-09T20:47:35Z" duration-ms="1" status="PASS">
          <reporter-output>
          </reporter-output>
        </test-method> <!-- CarBuyBranchLogin -->
        <test-method is-config="true" signature="aftermethod()[pri:0, instance:TestPackage.CarBuy@479ceda0]" started-at="2023-01-09T20:47:35Z" name="aftermethod" finished-at="2023-01-09T20:47:35Z" duration-ms="0" status="PASS">
          <reporter-output>
          </reporter-output>
        </test-method> <!-- aftermethod -->
        <test-method signature="CarBuyWebLogin()[pri:0, instance:TestPackage.CarBuy@479ceda0]" started-at="2023-01-09T20:47:35Z" name="CarBuyWebLogin" finished-at="2023-01-09T20:47:35Z" duration-ms="2" status="PASS">
          <reporter-output>
          </reporter-output>
        </test-method> <!-- CarBuyWebLogin -->
        <test-method is-config="true" signature="beforemethod()[pri:0, instance:TestPackage.CarBuy@479ceda0]" started-at="2023-01-09T20:47:35Z" name="beforemethod" finished-at="2023-01-09T20:47:35Z" duration-ms="0" status="PASS">
          <reporter-output>
          </reporter-output>
        </test-method> <!-- beforemethod -->
        <test-method is-config="true" signature="aftermethod()[pri:0, instance:TestPackage.CarBuy@479ceda0]" started-at="2023-01-09T20:47:35Z" name="aftermethod" finished-at="2023-01-09T20:47:35Z" duration-ms="0" status="PASS">
          <reporter-output>
          </reporter-output>
        </test-method> <!-- aftermethod -->
        <test-method is-config="true" signature="afterclass()[pri:0, instance:TestPackage.CarBuy@479ceda0]" started-at="2023-01-09T20:47:35Z" name="afterclass" finished-at="2023-01-09T20:47:35Z" duration-ms="0" status="PASS">
          <reporter-output>
          </reporter-output>
        </test-method> <!-- afterclass -->
        <test-method is-config="true" signature="aftertest()[pri:0, instance:TestPackage.CarBuy@479ceda0]" started-at="2023-01-09T20:47:35Z" name="aftertest" finished-at="2023-01-09T20:47:35Z" duration-ms="3" status="PASS">
          <reporter-output>
          </reporter-output>
        </test-method> <!-- aftertest -->
        <test-method is-config="true" signature="aftersuite()[pri:0, instance:TestPackage.CarBuy@479ceda0]" started-at="2023-01-09T20:47:35Z" name="aftersuite" finished-at="2023-01-09T20:47:35Z" duration-ms="1" status="PASS">
          <reporter-output>
          </reporter-output>
        </test-method> <!-- aftersuite -->
      </class> <!-- TestPackage.CarBuy -->
    </test> <!-- Testing -->
  </suite> <!-- Suite -->
</testng-results>
