<?xml version="1.0" encoding="UTF-8"?>
<!-- Generated by org.testng.reporters.JUnitXMLReporter -->
<testsuite hostname="DESKTOP-MUEUS88" failures="0" tests="6" name="Test" time="0.289" errors="0" timestamp="9 Jan 2023 19:47:35 GMT">
  <testcase classname="TestPackage.CarLease" name="CarLeaseAPPLogin" time="0.012"/>
  <testcase classname="TestPackage.CarLease" name="CarLeaseBranchLogin" time="0.023"/>
  <testcase classname="TestPackage.CarLease" name="CarLeaseWebLogin" time="0.005"/>
  <testcase classname="TestPackage.CarBuy" name="CarBuyAPPLogin" time="0.005"/>
  <testcase classname="TestPackage.CarBuy" name="CarBuyBranchLogin" time="0.005"/>
  <testcase classname="TestPackage.CarBuy" name="CarBuyWebLogin" time="0.013"/>
</testsuite> <!-- Test -->
