<?xml version="1.0" encoding="UTF-8"?>
<!-- Generated by org.testng.reporters.JUnitXMLReporter -->
<testsuite hostname="DESKTOP-MUEUS88" failures="0" tests="6" name="Testing" time="0.062" errors="0" timestamp="9 Jan 2023 19:47:35 GMT">
  <testcase classname="TestPackage.CarLease" name="CarLeaseAPPLogin" time="0.004"/>
  <testcase classname="TestPackage.CarLease" name="CarLeaseBranchLogin" time="0.01"/>
  <testcase classname="TestPackage.CarLease" name="CarLeaseWebLogin" time="0.001"/>
  <testcase classname="TestPackage.CarBuy" name="CarBuyAPPLogin" time="0.002"/>
  <testcase classname="TestPackage.CarBuy" name="CarBuyBranchLogin" time="0.001"/>
  <testcase classname="TestPackage.CarBuy" name="CarBuyWebLogin" time="0.002"/>
</testsuite> <!-- Testing -->
