<?xml version="1.0" encoding="UTF-8"?>
<!-- Generated by org.testng.reporters.JUnitXMLReporter -->
<testsuite hostname="DESKTOP-MUEUS88" failures="0" tests="3" name="HomeLoan" time="0.016" errors="0" timestamp="9 Jan 2023 19:18:21 GMT">
  <testcase classname="TestPackage.SmartLoan" name="SmartLoanAPPLogin" time="0.002"/>
  <testcase classname="TestPackage.SmartLoan" name="SmartLoanBranchLogin" time="0.002"/>
  <testcase classname="TestPackage.SmartLoan" name="SmartLoanWebLogin" time="0.003"/>
</testsuite> <!-- HomeLoan -->
