<?xml version="1.0" encoding="UTF-8"?>
<!-- Generated by org.testng.reporters.JUnitXMLReporter -->
<testsuite hostname="DESKTOP-MUEUS88" failures="0" tests="14" name="PersonalLoan" time="0.254" errors="0" timestamp="9 Jan 2023 19:18:21 GMT">
  <testcase classname="TestPackage.FixedLoan" name="FixedLoanAPPLoginvalid" time="0.018"/>
  <testcase classname="TestPackage.FixedLoan" name="FixedLoanBranchLogin" time="0.004"/>
  <testcase classname="TestPackage.FixedLoan" name="FixedLoanWebinvalidpassword" time="0.002"/>
  <testcase classname="TestPackage.FixedLoan" name="FixedLoanWeballvalid" time="0.003"/>
  <testcase classname="TestPackage.FixedLoan" name="FixedLoanWebLogin" time="0.004"/>
  <testcase classname="TestPackage.FixedLoan" name="FixedLoanAPPLoginblank" time="0.005"/>
  <testcase classname="TestPackage.FixedLoan" name="FixedLoanWebvaliduser" time="0.01"/>
  <testcase classname="TestPackage.FixedLoan" name="FixedLoanWebblankall" time="0.029"/>
  <testcase classname="TestPackage.FixedLoan" name="FixedLoanAPPLogininvalid" time="0.008"/>
  <testcase classname="TestPackage.FixedLoan" name="FixedLoanWebinvaliduser" time="0.014"/>
  <testcase classname="TestPackage.FlexiLoan" name="FlexiLoanAPPLogin" time="0.002"/>
  <testcase classname="TestPackage.FlexiLoan" name="FlexiLoanBranchLogin" time="0.003"/>
  <testcase classname="TestPackage.FlexiLoan" name="FlexiLoanWebLogin" time="0.003"/>
  <testcase classname="TestPackage.FixedLoan" name="FixedLoanWebblank" time="0.002"/>
</testsuite> <!-- PersonalLoan -->
