<?xml version="1.0" encoding="UTF-8"?>
<!-- Generated by org.testng.reporters.JUnitXMLReporter -->
<testsuite hostname="DESKTOP-MUEUS88" failures="0" tests="3" name="Default test" time="0.181" errors="0" timestamp="9 Jan 2023 19:33:04 GMT">
  <testcase classname="TestPackage.CarLease" name="CarLeaseAPPLogin" time="0.036"/>
  <testcase classname="TestPackage.CarLease" name="CarLeaseBranchLogin" time="0.003"/>
  <testcase classname="TestPackage.CarLease" name="CarLeaseWebLogin" time="0.024"/>
</testsuite> <!-- Default test -->
